<?xml version="1.0" encoding="UTF-8"?>
<!-- Generated by org.testng.reporters.JUnitReportReporter -->
<testsuite hostname="DESKTOP-64I2TDN" failures="0" tests="4" name="employees.tests.Tests" time="6.150" errors="0" timestamp="2024-07-15T23:13:46 IST" skipped="0">
  <testcase classname="employees.tests.Tests" name="testCreateEmployee" time="0.309"/>
  <system-out/>
  <testcase classname="employees.tests.Tests" name="testCreateEmployee" time="0.236"/>
  <system-out/>
  <testcase classname="employees.tests.Tests" name="testCreateEmployee" time="0.301"/>
  <system-out/>
  <testcase classname="employees.tests.Tests" name="testCreateEmployee" time="5.304"/>
  <system-out/>
</testsuite> <!-- employees.tests.Tests -->
