<?xml version="1.0" encoding="UTF-8"?>
<!-- Generated by org.testng.reporters.JUnitReportReporter -->
<testsuite hostname="DESKTOP-64I2TDN" failures="0" tests="4" name="employees.tests.Tests" time="6.983" errors="0" timestamp="2024-07-20T20:15:55 IST" skipped="0">
  <testcase classname="employees.tests.Tests" name="testCreateEmployee" time="0.348"/>
  <system-out/>
  <testcase classname="employees.tests.Tests" name="testCreateEmployee" time="0.285"/>
  <system-out/>
  <testcase classname="employees.tests.Tests" name="testCreateEmployee" time="0.438"/>
  <system-out/>
  <testcase classname="employees.tests.Tests" name="testCreateEmployee" time="5.912"/>
  <system-out/>
</testsuite> <!-- employees.tests.Tests -->
